<?xml version="1.0" encoding="UTF-8"?>
<!-- Generated by org.testng.reporters.JUnitReportReporter -->
<testsuite skipped="0" hostname="Tasnia" name="com.nexttechITC.TestRunner.TestNGTestRunner$TestRunner" tests="3" failures="0" timestamp="20 May 2022 04:29:29 GMT" time="37.590" errors="0">
  <testcase name="feature" time="12.442" classname="com.nexttechITC.TestRunner.TestNGTestRunner$TestRunner"/>
  <testcase name="feature" time="11.304" classname="com.nexttechITC.TestRunner.TestNGTestRunner$TestRunner"/>
  <testcase name="feature" time="13.844" classname="com.nexttechITC.TestRunner.TestNGTestRunner$TestRunner"/>
</testsuite> <!-- com.nexttechITC.TestRunner.TestNGTestRunner$TestRunner -->
